Added Component: Designator=BPS?(TECO-MS560702BA03-50_V)
Add component (AddParameter): Name = "Datasheet URL"; Value = "http://www.te.com/commerce/DocumentDelivery/DDEController?Action=showdoc&DocId=Data+Sheet%7FMS5607-02BA03%7FB2%7Fpdf%7FEnglish%7FENG_DS_MS5607-02BA03_B2.pdf%7FMS560702BA03-50"; VariantName = "[No Variations]"
Add component (AddParameter): Name = "Datasheet Version"; Value = "06/2017"; VariantName = "[No Variations]"
Add component (AddParameter): Name = "Lead Free"; Value = "LeadFree"; VariantName = "[No Variations]"
Add component (AddParameter): Name = "Manufacturer"; Value = "TE Connectivity"; VariantName = "[No Variations]"
Add component (AddParameter): Name = "Manufacturer URL"; Value = "http://www.te.com/"; VariantName = "[No Variations]"
Add component (AddParameter): Name = "Mounting Technology"; Value = "SurfaceMount"; VariantName = "[No Variations]"
Add component (AddParameter): Name = "Package Description"; Value = "8-Pin Surface Mount Device, Body 3 x 5 mm, Pitch 1.25 mm"; VariantName = "[No Variations]"
Add component (AddParameter): Name = "Package Reference"; Value = "MS560702BA03-50"; VariantName = "[No Variations]"
Add component (AddParameter): Name = "RoHSCompliant"; Value = "false"; VariantName = "[No Variations]"
Added Component: Designator=C?(CAPC1608X95X40ML15T15)
Add component (AddParameter): Name = "Manufacturer"; Value = "Vitramon"; VariantName = "[No Variations]"
Add component (AddParameter): Name = "Part Number"; Value = "VJ0603Y104KXQCW1BC"; VariantName = "[No Variations]"
Added Component: Designator=P?(HDR1X6)
Add component (AddParameter): Name = "LatestRevisionDate"; Value = "17-Jul-2002"; VariantName = "[No Variations]"
Add component (AddParameter): Name = "LatestRevisionNote"; Value = "Re-released for DXP Platform."; VariantName = "[No Variations]"
Add component (AddParameter): Name = "Publisher"; Value = "Altium Limited"; VariantName = "[No Variations]"
Added Component: Designator=R?(J1-0603)
Add component (AddParameter): Name = "LatestRevisionDate"; Value = "29-May-2009"; VariantName = "[No Variations]"
Add component (AddParameter): Name = "LatestRevisionNote"; Value = "IPC-7351 Footprint Added."; VariantName = "[No Variations]"
Add component (AddParameter): Name = "PackageDescription"; Value = "Chip Resistor"; VariantName = "[No Variations]"
Add component (AddParameter): Name = "PackageReference"; Value = "J1-0603"; VariantName = "[No Variations]"
Add component (AddParameter): Name = "Published"; Value = "8-Jun-2000"; VariantName = "[No Variations]"
Add component (AddParameter): Name = "Publisher"; Value = "Altium Limited"; VariantName = "[No Variations]"
Add component (AddParameter): Name = "Value"; Value = "10k"; VariantName = "[No Variations]"
Added Pin To Net: NetName=3.3V Pin=BPS?-1
Added Pin To Net: NetName=3.3V Pin=C?-2
Added Pin To Net: NetName=3.3V Pin=R?-1
Added Net: Name=3.3V
Added Pin To Net: NetName=BPS CSN Pin=BPS?-4
Added Pin To Net: NetName=BPS CSN Pin=BPS?-5
Added Pin To Net: NetName=BPS CSN Pin=R?-2
Added Net: Name=BPS CSN
Added Pin To Net: NetName=GND Pin=BPS?-2
Added Pin To Net: NetName=GND Pin=BPS?-3
Added Pin To Net: NetName=GND Pin=C?-1
Added Net: Name=GND
Added Pin To Net: NetName=MISO Pin=BPS?-6
Added Net: Name=MISO
Added Pin To Net: NetName=MOSI Pin=BPS?-7
Added Net: Name=MOSI
Added Pin To Net: NetName=SCLK Pin=BPS?-8
Added Net: Name=SCLK
Added Class: Name=Sheet
